<?xml version="1.0" encoding="UTF-8"?>
<!-- Generated by org.testng.reporters.JUnitXMLReporter -->
<testsuite hostname="customer-187-217-219-195.uninet-ide.com.mx" name="Test" tests="4" failures="0" timestamp="11 Dec 2017 19:13:37 GMT" time="35.482" errors="0">
  <testcase name="Login" time="5.818" classname="Selenium.LoginTest"/>
  <testcase name="Login" time="6.172" classname="Selenium.HomePageTest"/>
  <testcase name="openProfile" time="2.335" classname="Selenium.HomePageTest"/>
  <testcase name="ProfileAssertions" time="0.079" classname="Selenium.LoginPageAssertionsTest"/>
</testsuite> <!-- Test -->
