<?xml version="1.0" encoding="UTF-8"?>
<testng-results skipped="0" failed="0" total="4" passed="4">
  <reporter-output>
  </reporter-output>
  <suite name="Suite" duration-ms="44570" started-at="2017-12-11T22:45:42Z" finished-at="2017-12-11T22:46:27Z">
    <groups>
    </groups>
    <test name="Testlogin" duration-ms="18444" started-at="2017-12-11T22:45:42Z" finished-at="2017-12-11T22:46:00Z">
      <class name="Selenium.LoginTest">
        <test-method status="PASS" signature="Init()[pri:0, instance:Selenium.LoginTest@34b7ac2f]" name="Init" is-config="true" duration-ms="7550" started-at="2017-12-11T16:45:42Z" finished-at="2017-12-11T16:45:50Z">
          <reporter-output>
          </reporter-output>
        </test-method> <!-- Init -->
        <test-method status="PASS" signature="Login()[pri:0, instance:Selenium.LoginTest@34b7ac2f]" name="Login" duration-ms="7486" started-at="2017-12-11T16:45:50Z" finished-at="2017-12-11T16:45:57Z">
          <reporter-output>
          </reporter-output>
        </test-method> <!-- Login -->
        <test-method status="PASS" signature="CloseDriver()[pri:0, instance:Selenium.LoginTest@34b7ac2f]" name="CloseDriver" is-config="true" duration-ms="3395" started-at="2017-12-11T16:45:57Z" finished-at="2017-12-11T16:46:00Z">
          <reporter-output>
          </reporter-output>
        </test-method> <!-- CloseDriver -->
      </class> <!-- Selenium.LoginTest -->
    </test> <!-- Testlogin -->
    <test name="Testhome" duration-ms="20321" started-at="2017-12-11T22:46:01Z" finished-at="2017-12-11T22:46:21Z">
      <class name="Selenium.HomePageTest">
        <test-method status="PASS" signature="Init()[pri:0, instance:Selenium.HomePageTest@4f209819]" name="Init" is-config="true" duration-ms="6391" started-at="2017-12-11T16:46:01Z" finished-at="2017-12-11T16:46:07Z">
          <reporter-output>
          </reporter-output>
        </test-method> <!-- Init -->
        <test-method status="PASS" signature="Login()[pri:0, instance:Selenium.HomePageTest@4f209819]" name="Login" duration-ms="11801" started-at="2017-12-11T16:46:07Z" finished-at="2017-12-11T16:46:19Z">
          <reporter-output>
          </reporter-output>
        </test-method> <!-- Login -->
        <test-method status="PASS" signature="openProfile()[pri:0, instance:Selenium.HomePageTest@4f209819]" name="openProfile" duration-ms="1918" started-at="2017-12-11T16:46:19Z" finished-at="2017-12-11T16:46:21Z">
          <reporter-output>
          </reporter-output>
        </test-method> <!-- openProfile -->
        <test-method status="PASS" signature="CloseDriver()[pri:0, instance:Selenium.HomePageTest@4f209819]" name="CloseDriver" is-config="true" duration-ms="207" started-at="2017-12-11T16:46:21Z" finished-at="2017-12-11T16:46:21Z">
          <reporter-output>
          </reporter-output>
        </test-method> <!-- CloseDriver -->
      </class> <!-- Selenium.HomePageTest -->
    </test> <!-- Testhome -->
    <test name="Testasset" duration-ms="5723" started-at="2017-12-11T22:46:21Z" finished-at="2017-12-11T22:46:27Z">
      <class name="Selenium.LoginPageAssertionsTest">
        <test-method status="PASS" signature="Init()[pri:0, instance:Selenium.LoginPageAssertionsTest@1cbbffcd]" name="Init" is-config="true" duration-ms="5530" started-at="2017-12-11T16:46:21Z" finished-at="2017-12-11T16:46:26Z">
          <reporter-output>
          </reporter-output>
        </test-method> <!-- Init -->
        <test-method status="PASS" signature="ProfileAssertions()[pri:0, instance:Selenium.LoginPageAssertionsTest@1cbbffcd]" name="ProfileAssertions" duration-ms="77" started-at="2017-12-11T16:46:26Z" finished-at="2017-12-11T16:46:27Z">
          <reporter-output>
          </reporter-output>
        </test-method> <!-- ProfileAssertions -->
        <test-method status="PASS" signature="CloseDriver()[pri:0, instance:Selenium.LoginPageAssertionsTest@1cbbffcd]" name="CloseDriver" is-config="true" duration-ms="115" started-at="2017-12-11T16:46:27Z" finished-at="2017-12-11T16:46:27Z">
          <reporter-output>
          </reporter-output>
        </test-method> <!-- CloseDriver -->
      </class> <!-- Selenium.LoginPageAssertionsTest -->
    </test> <!-- Testasset -->
  </suite> <!-- Suite -->
</testng-results>
