<?xml version="1.0" encoding="UTF-8"?>
<testsuite xmlns:xsi="http://www.w3.org/2001/XMLSchema-instance" xsi:noNamespaceSchemaLocation="https://maven.apache.org/surefire/maven-surefire-plugin/xsd/surefire-test-report.xsd" name="TestSuite" time="46.19" tests="4" errors="0" skipped="0" failures="0">
  <properties>
[...]
</properties>
  <testcase name="Login" classname="Selenium.LoginTest" time="7.484"/>
  <testcase name="Login" classname="Selenium.HomePageTest" time="11.803"/>
  <testcase name="openProfile" classname="Selenium.HomePageTest" time="1.915"/>
  <testcase name="ProfileAssertions" classname="Selenium.LoginPageAssertionsTest" time="0.077"/>
</testsuite>