<?xml version="1.0" encoding="UTF-8"?>
<testng-results skipped="0" failed="0" total="2" passed="2">
  <reporter-output>
  </reporter-output>
  <suite name="Default suite" duration-ms="14267" started-at="2017-12-11T18:55:22Z" finished-at="2017-12-11T18:55:37Z">
    <groups>
    </groups>
    <test name="Default test" duration-ms="14267" started-at="2017-12-11T18:55:22Z" finished-at="2017-12-11T18:55:37Z">
      <class name="Selenium.HomePageTest">
        <test-method status="PASS" signature="Init()[pri:0, instance:Selenium.HomePageTest@5ffead27]" name="Init" is-config="true" duration-ms="6291" started-at="2017-12-11T12:55:22Z" finished-at="2017-12-11T12:55:29Z">
          <reporter-output>
          </reporter-output>
        </test-method> <!-- Init -->
        <test-method status="PASS" signature="Login()[pri:0, instance:Selenium.HomePageTest@5ffead27]" name="Login" duration-ms="5448" started-at="2017-12-11T12:55:29Z" finished-at="2017-12-11T12:55:34Z">
          <reporter-output>
          </reporter-output>
        </test-method> <!-- Login -->
        <test-method status="PASS" signature="openProfile()[pri:0, instance:Selenium.HomePageTest@5ffead27]" name="openProfile" duration-ms="2088" started-at="2017-12-11T12:55:34Z" finished-at="2017-12-11T12:55:36Z">
          <reporter-output>
          </reporter-output>
        </test-method> <!-- openProfile -->
        <test-method status="PASS" signature="CloseDriver()[pri:0, instance:Selenium.HomePageTest@5ffead27]" name="CloseDriver" is-config="true" duration-ms="422" started-at="2017-12-11T12:55:36Z" finished-at="2017-12-11T12:55:37Z">
          <reporter-output>
          </reporter-output>
        </test-method> <!-- CloseDriver -->
      </class> <!-- Selenium.HomePageTest -->
    </test> <!-- Default test -->
  </suite> <!-- Default suite -->
</testng-results>
